*** JDIC log: IeEmbed:CommandProc:JEVENT_INIT will be broken
*** JDIC log: JEVENT_CREATEWINDOW will create a new web browser
*** JDIC log: AWT HWND is:
*** JDIC log: 1442488
*** JDIC log: Created Child HWND is :
*** JDIC log: 7930830
*** JDIC log: keydown
*** JDIC log: keydown
*** JDIC log: keydown
*** JDIC log: keydown
*** JDIC log: IeEmbed:CommandProc:JEVENT_INIT will be broken
*** JDIC log: JEVENT_CREATEWINDOW will create a new web browser
*** JDIC log: AWT HWND is:
*** JDIC log: 721648
*** JDIC log: Created Child HWND is :
*** JDIC log: 656338
*** JDIC log: IeEmbed:CommandProc:JEVENT_INIT will be broken
*** JDIC log: JEVENT_CREATEWINDOW will create a new web browser
*** JDIC log: AWT HWND is:
*** JDIC log: 525308
*** JDIC log: Created Child HWND is :
*** JDIC log: 983788
*** JDIC log: keydown
*** JDIC log: keydown
*** JDIC log: keydown
*** JDIC log: keydown
*** JDIC log: IeEmbed:CommandProc:JEVENT_INIT will be broken
*** JDIC log: JEVENT_CREATEWINDOW will create a new web browser
*** JDIC log: AWT HWND is:
*** JDIC log: 1114952
*** JDIC log: Created Child HWND is :
*** JDIC log: 984060
*** JDIC log: IeEmbed:CommandProc:JEVENT_INIT will be broken
*** JDIC log: JEVENT_CREATEWINDOW will create a new web browser
*** JDIC log: AWT HWND is:
*** JDIC log: 2294724
*** JDIC log: Created Child HWND is :
*** JDIC log: 1049386
*** JDIC log: IeEmbed:CommandProc:JEVENT_INIT will be broken
*** JDIC log: JEVENT_CREATEWINDOW will create a new web browser
*** JDIC log: AWT HWND is:
*** JDIC log: 1114968
*** JDIC log: Created Child HWND is :
*** JDIC log: 2294456
